
Cilkview: Generating scalability data
Cilkview Scalability Analyzer V2.0.0, Build 4501
  1 2 3 4 5 6 7 8
1 . . . . . . . .
2 . . . . . . . .
3 . . . . . . . .
4 . . . O X . . .
5 . . . X O . . .
6 . . . . . . . .
7 . . . . . . . .
8 . . . . . . . .
Is Player 1 (X) [h]uman or [c]omputer? Enter search depth for X (1..60): Is Player 2 (O) [h]uman or [c]omputer? Enter search depth for O (1..60): 
[X] Computer chooses move (6, 5) => Score: 3
flipping disk at 5,5
X flipped 1 disks.
  1 2 3 4 5 6 7 8
1 . . . . . . . .
2 . . . . . . . .
3 . . . . . . . .
4 . . . O X . . .
5 . . . X X . . .
6 . . . . X . . .
7 . . . . . . . .
8 . . . . . . . .

[O] Computer chooses move (6, 6) => Score: 0
flipping disk at 5,5
O flipped 1 disks.
  1 2 3 4 5 6 7 8
1 . . . . . . . .
2 . . . . . . . .
3 . . . . . . . .
4 . . . O X . . .
5 . . . X O . . .
6 . . . . X O . .
7 . . . . . . . .
8 . . . . . . . .

[X] Computer chooses move (6, 7) => Score: 3
flipping disk at 6,6
X flipped 1 disks.
  1 2 3 4 5 6 7 8
1 . . . . . . . .
2 . . . . . . . .
3 . . . . . . . .
4 . . . O X . . .
5 . . . X O . . .
6 . . . . X X X .
7 . . . . . . . .
8 . . . . . . . .

[O] Computer chooses move (7, 7) => Score: 0
flipping disk at 6,6
O flipped 1 disks.
  1 2 3 4 5 6 7 8
1 . . . . . . . .
2 . . . . . . . .
3 . . . . . . . .
4 . . . O X . . .
5 . . . X O . . .
6 . . . . X O X .
7 . . . . . . O .
8 . . . . . . . .

[X] Computer chooses move (8, 7) => Score: 3
flipping disk at 7,7
X flipped 1 disks.
  1 2 3 4 5 6 7 8
1 . . . . . . . .
2 . . . . . . . .
3 . . . . . . . .
4 . . . O X . . .
5 . . . X O . . .
6 . . . . X O X .
7 . . . . . . X .
8 . . . . . . X .

[O] Computer chooses move (6, 4) => Score: 2
flipping disk at 6,5
flipping disk at 5,4
O flipped 2 disks.
  1 2 3 4 5 6 7 8
1 . . . . . . . .
2 . . . . . . . .
3 . . . . . . . .
4 . . . O X . . .
5 . . . O O . . .
6 . . . O O O X .
7 . . . . . . X .
8 . . . . . . X .

[X] Computer chooses move (6, 3) => Score: 7
flipping disk at 6,6
flipping disk at 6,5
flipping disk at 6,4
flipping disk at 5,4
X flipped 4 disks.
  1 2 3 4 5 6 7 8
1 . . . . . . . .
2 . . . . . . . .
3 . . . . . . . .
4 . . . O X . . .
5 . . . X O . . .
6 . . X X X X X .
7 . . . . . . X .
8 . . . . . . X .

[O] Computer chooses move (8, 8) => Score: -2
flipping disk at 6,6
flipping disk at 7,7
O flipped 2 disks.
  1 2 3 4 5 6 7 8
1 . . . . . . . .
2 . . . . . . . .
3 . . . . . . . .
4 . . . O X . . .
5 . . . X O . . .
6 . . X X X O X .
7 . . . . . . O .
8 . . . . . . X O

[X] Computer chooses move (5, 6) => Score: 5
flipping disk at 5,5
X flipped 1 disks.
  1 2 3 4 5 6 7 8
1 . . . . . . . .
2 . . . . . . . .
3 . . . . . . . .
4 . . . O X . . .
5 . . . X X X . .
6 . . X X X O X .
7 . . . . . . O .
8 . . . . . . X O

[O] Computer chooses move (6, 2) => Score: 2
flipping disk at 6,5
flipping disk at 6,4
flipping disk at 6,3
O flipped 3 disks.
  1 2 3 4 5 6 7 8
1 . . . . . . . .
2 . . . . . . . .
3 . . . . . . . .
4 . . . O X . . .
5 . . . X X X . .
6 . O O O O O X .
7 . . . . . . O .
8 . . . . . . X O

[X] Computer chooses move (6, 1) => Score: 9
flipping disk at 6,6
flipping disk at 6,5
flipping disk at 6,4
flipping disk at 6,3
flipping disk at 6,2
X flipped 5 disks.
  1 2 3 4 5 6 7 8
1 . . . . . . . .
2 . . . . . . . .
3 . . . . . . . .
4 . . . O X . . .
5 . . . X X X . .
6 X X X X X X X .
7 . . . . . . O .
8 . . . . . . X O

[O] Computer chooses move (7, 4) => Score: -4
flipping disk at 5,4
flipping disk at 6,4
O flipped 2 disks.
  1 2 3 4 5 6 7 8
1 . . . . . . . .
2 . . . . . . . .
3 . . . . . . . .
4 . . . O X . . .
5 . . . O X X . .
6 X X X O X X X .
7 . . . O . . O .
8 . . . . . . X O

[X] Computer chooses move (4, 3) => Score: 9
flipping disk at 4,4
flipping disk at 5,4
X flipped 2 disks.
  1 2 3 4 5 6 7 8
1 . . . . . . . .
2 . . . . . . . .
3 . . . . . . . .
4 . . X X X . . .
5 . . . X X X . .
6 X X X O X X X .
7 . . . O . . O .
8 . . . . . . X O

[O] Computer chooses move (6, 8) => Score: -2
flipping disk at 6,5
flipping disk at 6,6
flipping disk at 6,7
O flipped 3 disks.
  1 2 3 4 5 6 7 8
1 . . . . . . . .
2 . . . . . . . .
3 . . . . . . . .
4 . . X X X . . .
5 . . . X X X . .
6 X X X O O O O O
7 . . . O . . O .
8 . . . . . . X O

[X] Computer chooses move (8, 4) => Score: 7
flipping disk at 6,4
flipping disk at 7,4
X flipped 2 disks.
  1 2 3 4 5 6 7 8
1 . . . . . . . .
2 . . . . . . . .
3 . . . . . . . .
4 . . X X X . . .
5 . . . X X X . .
6 X X X X O O O O
7 . . . X . . O .
8 . . . X . . X O

[O] Computer chooses move (3, 5) => Score: -2
flipping disk at 5,5
flipping disk at 4,5
O flipped 2 disks.
  1 2 3 4 5 6 7 8
1 . . . . . . . .
2 . . . . . . . .
3 . . . . O . . .
4 . . X X O . . .
5 . . . X O X . .
6 X X X X O O O O
7 . . . X . . O .
8 . . . X . . X O

[X] Computer chooses move (7, 6) => Score: 7
flipping disk at 6,6
flipping disk at 6,5
X flipped 2 disks.
  1 2 3 4 5 6 7 8
1 . . . . . . . .
2 . . . . . . . .
3 . . . . O . . .
4 . . X X O . . .
5 . . . X O X . .
6 X X X X X X O O
7 . . . X . X O .
8 . . . X . . X O

[O] Computer chooses move (7, 5) => Score: -2
flipping disk at 7,6
flipping disk at 6,5
O flipped 2 disks.
  1 2 3 4 5 6 7 8
1 . . . . . . . .
2 . . . . . . . .
3 . . . . O . . .
4 . . X X O . . .
5 . . . X O X . .
6 X X X X O X O O
7 . . . X O O O .
8 . . . X . . X O

[X] Computer chooses move (7, 8) => Score: 11
flipping disk at 7,5
flipping disk at 7,6
flipping disk at 7,7
flipping disk at 6,7
X flipped 4 disks.
  1 2 3 4 5 6 7 8
1 . . . . . . . .
2 . . . . . . . .
3 . . . . O . . .
4 . . X X O . . .
5 . . . X O X . .
6 X X X X O X X O
7 . . . X X X X X
8 . . . X . . X O

[O] Computer chooses move (8, 6) => Score: -6
flipping disk at 8,7
flipping disk at 7,7
O flipped 2 disks.
  1 2 3 4 5 6 7 8
1 . . . . . . . .
2 . . . . . . . .
3 . . . . O . . .
4 . . X X O . . .
5 . . . X O X . .
6 X X X X O X X O
7 . . . X X X O X
8 . . . X . O O O

[X] Computer chooses move (2, 5) => Score: 15
flipping disk at 6,5
flipping disk at 5,5
flipping disk at 4,5
flipping disk at 3,5
X flipped 4 disks.
  1 2 3 4 5 6 7 8
1 . . . . . . . .
2 . . . . X . . .
3 . . . . X . . .
4 . . X X X . . .
5 . . . X X X . .
6 X X X X X X X O
7 . . . X X X O X
8 . . . X . O O O

[O] Computer chooses move (3, 2) => Score: -6
flipping disk at 7,6
flipping disk at 6,5
flipping disk at 5,4
flipping disk at 4,3
O flipped 4 disks.
  1 2 3 4 5 6 7 8
1 . . . . . . . .
2 . . . . X . . .
3 . O . . X . . .
4 . . O X X . . .
5 . . . O X X . .
6 X X X X O X X O
7 . . . X X O O X
8 . . . X . O O O

[X] Computer chooses move (8, 5) => Score: 9
flipping disk at 7,6
X flipped 1 disks.
  1 2 3 4 5 6 7 8
1 . . . . . . . .
2 . . . . X . . .
3 . O . . X . . .
4 . . O X X . . .
5 . . . O X X . .
6 X X X X O X X O
7 . . . X X X O X
8 . . . X X O O O

[O] Computer chooses move (4, 6) => Score: 2
flipping disk at 4,4
flipping disk at 4,5
flipping disk at 7,6
flipping disk at 6,6
flipping disk at 5,6
O flipped 5 disks.
  1 2 3 4 5 6 7 8
1 . . . . . . . .
2 . . . . X . . .
3 . O . . X . . .
4 . . O O O O . .
5 . . . O X O . .
6 X X X X O O X O
7 . . . X X O O X
8 . . . X X O O O

[X] Computer chooses move (3, 4) => Score: 7
flipping disk at 5,4
flipping disk at 4,4
flipping disk at 5,6
flipping disk at 4,5
X flipped 4 disks.
  1 2 3 4 5 6 7 8
1 . . . . . . . .
2 . . . . X . . .
3 . O . X X . . .
4 . . O X X O . .
5 . . . X X X . .
6 X X X X O O X O
7 . . . X X O O X
8 . . . X X O O O

[O] Computer chooses move (7, 3) => Score: 2
flipping disk at 7,5
flipping disk at 7,4
flipping disk at 5,5
flipping disk at 6,4
O flipped 4 disks.
  1 2 3 4 5 6 7 8
1 . . . . . . . .
2 . . . . X . . .
3 . O . X X . . .
4 . . O X X O . .
5 . . . X O X . .
6 X X X O O O X O
7 . . O O O O O X
8 . . . X X O O O

[X] Computer chooses move (7, 2) => Score: 9
flipping disk at 7,7
flipping disk at 7,6
flipping disk at 7,5
flipping disk at 7,4
flipping disk at 7,3
X flipped 5 disks.
  1 2 3 4 5 6 7 8
1 . . . . . . . .
2 . . . . X . . .
3 . O . X X . . .
4 . . O X X O . .
5 . . . X O X . .
6 X X X O O O X O
7 . X X X X X X X
8 . . . X X O O O

[O] Computer chooses move (2, 4) => Score: 0
flipping disk at 5,4
flipping disk at 4,4
flipping disk at 3,4
flipping disk at 3,5
O flipped 4 disks.
  1 2 3 4 5 6 7 8
1 . . . . . . . .
2 . . . O X . . .
3 . O . O O . . .
4 . . O O X O . .
5 . . . O O X . .
6 X X X O O O X O
7 . X X X X X X X
8 . . . X X O O O

[X] Computer chooses move (1, 4) => Score: 11
flipping disk at 6,4
flipping disk at 5,4
flipping disk at 4,4
flipping disk at 3,4
flipping disk at 2,4
X flipped 5 disks.
  1 2 3 4 5 6 7 8
1 . . . X . . . .
2 . . . X X . . .
3 . O . X O . . .
4 . . O X X O . .
5 . . . X O X . .
6 X X X X O O X O
7 . X X X X X X X
8 . . . X X O O O

[O] Computer chooses move (5, 3) => Score: -2
flipping disk at 5,4
flipping disk at 4,4
flipping disk at 7,5
flipping disk at 6,4
O flipped 4 disks.
  1 2 3 4 5 6 7 8
1 . . . X . . . .
2 . . . X X . . .
3 . O . X O . . .
4 . . O O X O . .
5 . . O O O X . .
6 X X X O O O X O
7 . X X X O X X X
8 . . . X X O O O

[X] Computer chooses move (3, 3) => Score: 13
flipping disk at 5,3
flipping disk at 4,3
flipping disk at 6,6
flipping disk at 5,5
flipping disk at 4,4
X flipped 5 disks.
  1 2 3 4 5 6 7 8
1 . . . X . . . .
2 . . . X X . . .
3 . O X X O . . .
4 . . X X X O . .
5 . . X O X X . .
6 X X X O O X X O
7 . X X X O X X X
8 . . . X X O O O

[O] Computer chooses move (7, 1) => Score: 0
flipping disk at 7,4
flipping disk at 7,3
flipping disk at 7,2
flipping disk at 4,4
flipping disk at 5,3
flipping disk at 6,2
O flipped 6 disks.
  1 2 3 4 5 6 7 8
1 . . . X . . . .
2 . . . X X . . .
3 . O X X O . . .
4 . . X O X O . .
5 . . O O X X . .
6 X O X O O X X O
7 O O O O O X X X
8 . . . X X O O O

[X] Computer chooses move (8, 3) => Score: 9
flipping disk at 7,3
flipping disk at 7,2
flipping disk at 6,5
flipping disk at 7,4
X flipped 4 disks.
  1 2 3 4 5 6 7 8
1 . . . X . . . .
2 . . . X X . . .
3 . O X X O . . .
4 . . X O X O . .
5 . . O O X X . .
6 X O X O X X X O
7 O X X X O X X X
8 . . X X X O O O

[O] Computer chooses move (8, 2) => Score: 2
flipping disk at 8,5
flipping disk at 8,4
flipping disk at 8,3
flipping disk at 7,2
flipping disk at 7,3
O flipped 5 disks.
  1 2 3 4 5 6 7 8
1 . . . X . . . .
2 . . . X X . . .
3 . O X X O . . .
4 . . X O X O . .
5 . . O O X X . .
6 X O X O X X X O
7 O O O X O X X X
8 . O O O O O O O

[X] Computer chooses move (8, 1) => Score: 3
flipping disk at 7,1
flipping disk at 7,2
X flipped 2 disks.
  1 2 3 4 5 6 7 8
1 . . . X . . . .
2 . . . X X . . .
3 . O X X O . . .
4 . . X O X O . .
5 . . O O X X . .
6 X O X O X X X O
7 X X O X O X X X
8 X O O O O O O O

[O] Computer chooses move (5, 7) => Score: 8
flipping disk at 5,5
flipping disk at 5,6
flipping disk at 7,7
flipping disk at 6,7
flipping disk at 6,6
O flipped 5 disks.
  1 2 3 4 5 6 7 8
1 . . . X . . . .
2 . . . X X . . .
3 . O X X O . . .
4 . . X O X O . .
5 . . O O O O O .
6 X O X O X O O O
7 X X O X O X O X
8 X O O O O O O O

[X] Computer chooses move (3, 6) => Score: 1
flipping disk at 3,5
flipping disk at 6,6
flipping disk at 5,6
flipping disk at 4,6
X flipped 4 disks.
  1 2 3 4 5 6 7 8
1 . . . X . . . .
2 . . . X X . . .
3 . O X X X X . .
4 . . X O X X . .
5 . . O O O X O .
6 X O X O X X O O
7 X X O X O X O X
8 X O O O O O O O

[O] Computer chooses move (2, 6) => Score: 12
flipping disk at 7,6
flipping disk at 6,6
flipping disk at 5,6
flipping disk at 4,6
flipping disk at 3,6
flipping disk at 3,5
O flipped 6 disks.
  1 2 3 4 5 6 7 8
1 . . . X . . . .
2 . . . X X O . .
3 . O X X O O . .
4 . . X O X O . .
5 . . O O O O O .
6 X O X O X O O O
7 X X O X O O O X
8 X O O O O O O O

[X] Computer chooses move (1, 7) => Score: -1
flipping disk at 6,2
flipping disk at 5,3
flipping disk at 4,4
flipping disk at 3,5
flipping disk at 2,6
X flipped 5 disks.
  1 2 3 4 5 6 7 8
1 . . . X . . X .
2 . . . X X X . .
3 . O X X X O . .
4 . . X X X O . .
5 . . X O O O O .
6 X X X O X O O O
7 X X O X O O O X
8 X O O O O O O O

[O] Computer chooses move (2, 3) => Score: 14
flipping disk at 6,3
flipping disk at 5,3
flipping disk at 4,3
flipping disk at 3,3
flipping disk at 4,5
flipping disk at 3,4
O flipped 6 disks.
  1 2 3 4 5 6 7 8
1 . . . X . . X .
2 . . O X X X . .
3 . O O O X O . .
4 . . O X O O . .
5 . . O O O O O .
6 X X O O X O O O
7 X X O X O O O X
8 X O O O O O O O

[X] Computer chooses move (1, 2) => Score: -3
flipping disk at 6,7
flipping disk at 5,6
flipping disk at 4,5
flipping disk at 3,4
flipping disk at 2,3
X flipped 5 disks.
  1 2 3 4 5 6 7 8
1 . X . X . . X .
2 . . X X X X . .
3 . O O X X O . .
4 . . O X X O . .
5 . . O O O X O .
6 X X O O X O X O
7 X X O X O O O X
8 X O O O O O O O

[O] Computer chooses move (1, 5) => Score: 12
flipping disk at 4,5
flipping disk at 3,5
flipping disk at 2,5
flipping disk at 2,4
O flipped 4 disks.
  1 2 3 4 5 6 7 8
1 . X . X O . X .
2 . . X O O X . .
3 . O O X O O . .
4 . . O X O O . .
5 . . O O O X O .
6 X X O O X O X O
7 X X O X O O O X
8 X O O O O O O O

[X] Computer chooses move (5, 2) => Score: -1
flipping disk at 5,5
flipping disk at 5,4
flipping disk at 5,3
flipping disk at 4,3
flipping disk at 6,3
X flipped 5 disks.
  1 2 3 4 5 6 7 8
1 . X . X O . X .
2 . . X O O X . .
3 . O O X O O . .
4 . . X X O O . .
5 . X X X X X O .
6 X X X O X O X O
7 X X O X O O O X
8 X O O O O O O O

[O] Computer chooses move (5, 1) => Score: 14
flipping disk at 5,6
flipping disk at 5,5
flipping disk at 5,4
flipping disk at 5,3
flipping disk at 5,2
flipping disk at 6,2
O flipped 6 disks.
  1 2 3 4 5 6 7 8
1 . X . X O . X .
2 . . X O O X . .
3 . O O X O O . .
4 . . X X O O . .
5 O O O O O O O .
6 X O X O X O X O
7 X X O X O O O X
8 X O O O O O O O

[X] Computer chooses move (4, 7) => Score: -1
flipping disk at 4,5
flipping disk at 4,6
flipping disk at 5,7
flipping disk at 2,5
flipping disk at 3,6
flipping disk at 5,6
X flipped 6 disks.
  1 2 3 4 5 6 7 8
1 . X . X O . X .
2 . . X O X X . .
3 . O O X O X . .
4 . . X X X X X .
5 O O O O O X X .
6 X O X O X O X O
7 X X O X O O O X
8 X O O O O O O O

[O] Computer chooses move (1, 6) => Score: 16
flipping disk at 5,6
flipping disk at 4,6
flipping disk at 3,6
flipping disk at 2,6
flipping disk at 4,3
flipping disk at 3,4
flipping disk at 2,5
O flipped 7 disks.
  1 2 3 4 5 6 7 8
1 . X . X O O X .
2 . . X O O O . .
3 . O O O O O . .
4 . . O X X O X .
5 O O O O O O X .
6 X O X O X O X O
7 X X O X O O O X
8 X O O O O O O O

[X] Computer chooses move (2, 7) => Score: -7
flipping disk at 2,4
flipping disk at 2,5
flipping disk at 2,6
flipping disk at 3,6
X flipped 4 disks.
  1 2 3 4 5 6 7 8
1 . X . X O O X .
2 . . X X X X X .
3 . O O O O X . .
4 . . O X X O X .
5 O O O O O O X .
6 X O X O X O X O
7 X X O X O O O X
8 X O O O O O O O

[O] Computer chooses move (3, 7) => Score: 18
flipping disk at 3,6
flipping disk at 6,7
flipping disk at 5,7
flipping disk at 4,7
flipping disk at 2,6
O flipped 5 disks.
  1 2 3 4 5 6 7 8
1 . X . X O O X .
2 . . X X X O X .
3 . O O O O O O .
4 . . O X X O O .
5 O O O O O O O .
6 X O X O X O O O
7 X X O X O O O X
8 X O O O O O O O

[X] Computer chooses move (4, 2) => Score: -9
flipping disk at 4,3
flipping disk at 6,2
flipping disk at 5,2
flipping disk at 3,3
X flipped 4 disks.
  1 2 3 4 5 6 7 8
1 . X . X O O X .
2 . . X X X O X .
3 . O X O O O O .
4 . X X X X O O .
5 O X O O O O O .
6 X X X O X O O O
7 X X O X O O O X
8 X O O O O O O O

[O] Computer chooses move (4, 1) => Score: 24
flipping disk at 4,5
flipping disk at 4,4
flipping disk at 4,3
flipping disk at 4,2
flipping disk at 7,4
flipping disk at 6,3
flipping disk at 5,2
O flipped 7 disks.
  1 2 3 4 5 6 7 8
1 . X . X O O X .
2 . . X X X O X .
3 . O X O O O O .
4 O O O O O O O .
5 O O O O O O O .
6 X X O O X O O O
7 X X O O O O O X
8 X O O O O O O O

[X] Computer chooses move (3, 8) => Score: -11
flipping disk at 3,4
flipping disk at 3,5
flipping disk at 3,6
flipping disk at 3,7
flipping disk at 5,6
flipping disk at 4,7
X flipped 6 disks.
  1 2 3 4 5 6 7 8
1 . X . X O O X .
2 . . X X X O X .
3 . O X X X X X X
4 O O O O O O X .
5 O O O O O X O .
6 X X O O X O O O
7 X X O O O O O X
8 X O O O O O O O

[O] Computer chooses move (1, 3) => Score: 22
flipping disk at 1,4
flipping disk at 3,3
flipping disk at 2,3
flipping disk at 3,5
flipping disk at 2,4
O flipped 5 disks.
  1 2 3 4 5 6 7 8
1 . X O O O O X .
2 . . O O X O X .
3 . O O X O X X X
4 O O O O O O X .
5 O O O O O X O .
6 X X O O X O O O
7 X X O O O O O X
8 X O O O O O O O

[X] Computer chooses move (2, 2) => Score: -11
flipping disk at 2,4
flipping disk at 2,3
flipping disk at 5,2
flipping disk at 4,2
flipping disk at 3,2
X flipped 5 disks.
  1 2 3 4 5 6 7 8
1 . X O O O O X .
2 . X X X X O X .
3 . X O X O X X X
4 O X O O O O X .
5 O X O O O X O .
6 X X O O X O O O
7 X X O O O O O X
8 X O O O O O O O

[O] Computer chooses move (2, 1) => Score: 22
flipping disk at 2,5
flipping disk at 2,4
flipping disk at 2,3
flipping disk at 2,2
flipping disk at 3,2
O flipped 5 disks.
  1 2 3 4 5 6 7 8
1 . X O O O O X .
2 O O O O O O X .
3 . O O X O X X X
4 O X O O O O X .
5 O X O O O X O .
6 X X O O X O O O
7 X X O O O O O X
8 X O O O O O O O

[X] Computer chooses move (3, 1) => Score: -13
flipping disk at 3,3
flipping disk at 3,2
flipping disk at 5,1
flipping disk at 4,1
X flipped 4 disks.
  1 2 3 4 5 6 7 8
1 . X O O O O X .
2 O O O O O O X .
3 X X X X O X X X
4 X X O O O O X .
5 X X O O O X O .
6 X X O O X O O O
7 X X O O O O O X
8 X O O O O O O O

[O] Computer chooses move (1, 8) => Score: 20
flipping disk at 1,7
flipping disk at 3,6
flipping disk at 2,7
O flipped 3 disks.
  1 2 3 4 5 6 7 8
1 . X O O O O O O
2 O O O O O O O .
3 X X X X O O X X
4 X X O O O O X .
5 X X O O O X O .
6 X X O O X O O O
7 X X O O O O O X
8 X O O O O O O O

[X] Computer chooses move (5, 8) => Score: -15
flipping disk at 5,7
flipping disk at 6,8
X flipped 2 disks.
  1 2 3 4 5 6 7 8
1 . X O O O O O O
2 O O O O O O O .
3 X X X X O O X X
4 X X O O O O X .
5 X X O O O X X X
6 X X O O X O O X
7 X X O O O O O X
8 X O O O O O O O

[O] Computer chooses move (4, 8) => Score: 28
flipping disk at 4,7
flipping disk at 7,8
flipping disk at 6,8
flipping disk at 5,8
flipping disk at 3,7
flipping disk at 5,7
O flipped 6 disks.
  1 2 3 4 5 6 7 8
1 . X O O O O O O
2 O O O O O O O .
3 X X X X O O O X
4 X X O O O O O O
5 X X O O O X O O
6 X X O O X O O O
7 X X O O O O O O
8 X O O O O O O O

[X] Computer chooses move (1, 1) => Score: -23
flipping disk at 2,1
flipping disk at 2,2
X flipped 2 disks.
  1 2 3 4 5 6 7 8
1 X X O O O O O O
2 X X O O O O O .
3 X X X X O O O X
4 X X O O O O O O
5 X X O O O X O O
6 X X O O X O O O
7 X X O O O O O O
8 X O O O O O O O

[O] Computer chooses move (2, 8) => Score: 26
flipping disk at 3,8
O flipped 1 disks.
  1 2 3 4 5 6 7 8
1 X X O O O O O O
2 X X O O O O O O
3 X X X X O O O O
4 X X O O O O O O
5 X X O O O X O O
6 X X O O X O O O
7 X X O O O O O O
8 X O O O O O O O
Game over.
X has 19 disks. O has 45 disks. O wins.

Whole Program Statistics
1) Parallelism Profile
   Work :					 10,458,080 instructions
   Span :					 10,159,628 instructions
   Burdened span :				 14,916,661 instructions
   Parallelism :				 1.03
   Burdened parallelism :			 0.70
   Number of spawns/syncs:			 425
   Average instructions / strand :		 8,195
   Strands along span :				 445
   Average instructions / strand on span :	 22,830
   Total number of atomic instructions : 	 605
   Frame count :				 850

2) Speedup Estimate
     2 processors:	 0.58 - 1.03
     4 processors:	 0.48 - 1.03
     8 processors:	 0.45 - 1.03
    16 processors:	 0.43 - 1.03
    32 processors:	 0.42 - 1.03
    64 processors:	 0.42 - 1.03
   128 processors:	 0.41 - 1.03
   256 processors:	 0.41 - 1.03

Cilk Parallel Region(s) Statistics - Elapsed time: 0.032 seconds
1) Parallelism Profile
   Work :					 427,544 instructions
   Span :					 129,092 instructions
   Burdened span :				 4,886,125 instructions
   Parallelism :				 3.31
   Burdened parallelism :			 0.09
   Number of spawns/syncs:			 425
   Average instructions / strand :		 335
   Strands along span :				 222
   Average instructions / strand on span :	 581
   Total number of atomic instructions : 	 605
   Frame count :				 850
   Entries to parallel region :			 60

2) Speedup Estimate
     2 processors:	 0.10 - 2.00
     4 processors:	 0.07 - 3.31
     8 processors:	 0.06 - 3.31
    16 processors:	 0.05 - 3.31
    32 processors:	 0.05 - 3.31
    64 processors:	 0.05 - 3.31
   128 processors:	 0.05 - 3.31
   256 processors:	 0.05 - 3.31
