
Cilkview: Generating scalability data
Cilkview Scalability Analyzer V2.0.0, Build 4501
  1 2 3 4 5 6 7 8
1 . . . . . . . .
2 . . . . . . . .
3 . . . . . . . .
4 . . . O X . . .
5 . . . X O . . .
6 . . . . . . . .
7 . . . . . . . .
8 . . . . . . . .
Is Player 1 (X) [h]uman or [c]omputer? Enter search depth for X (1..60): Is Player 2 (O) [h]uman or [c]omputer? Enter search depth for O (1..60): 
[X] Computer chooses move (6, 5) => Score: 3
flipping disk at 5,5
X flipped 1 disks.
  1 2 3 4 5 6 7 8
1 . . . . . . . .
2 . . . . . . . .
3 . . . . . . . .
4 . . . O X . . .
5 . . . X X . . .
6 . . . . X . . .
7 . . . . . . . .
8 . . . . . . . .

[O] Computer chooses move (4, 6) => Score: 2
flipping disk at 4,5
O flipped 1 disks.
  1 2 3 4 5 6 7 8
1 . . . . . . . .
2 . . . . . . . .
3 . . . . . . . .
4 . . . O O O . .
5 . . . X X . . .
6 . . . . X . . .
7 . . . . . . . .
8 . . . . . . . .

[X] Computer chooses move (3, 7) => Score: 3
flipping disk at 4,6
X flipped 1 disks.
  1 2 3 4 5 6 7 8
1 . . . . . . . .
2 . . . . . . . .
3 . . . . . . X .
4 . . . O O X . .
5 . . . X X . . .
6 . . . . X . . .
7 . . . . . . . .
8 . . . . . . . .

[O] Computer chooses move (7, 5) => Score: 2
flipping disk at 5,5
flipping disk at 6,5
O flipped 2 disks.
  1 2 3 4 5 6 7 8
1 . . . . . . . .
2 . . . . . . . .
3 . . . . . . X .
4 . . . O O X . .
5 . . . X O . . .
6 . . . . O . . .
7 . . . . O . . .
8 . . . . . . . .

[X] Computer chooses move (4, 3) => Score: 3
flipping disk at 4,5
flipping disk at 4,4
X flipped 2 disks.
  1 2 3 4 5 6 7 8
1 . . . . . . . .
2 . . . . . . . .
3 . . . . . . X .
4 . . X X X X . .
5 . . . X O . . .
6 . . . . O . . .
7 . . . . O . . .
8 . . . . . . . .

[O] Computer chooses move (3, 5) => Score: 2
flipping disk at 4,5
O flipped 1 disks.
  1 2 3 4 5 6 7 8
1 . . . . . . . .
2 . . . . . . . .
3 . . . . O . X .
4 . . X X O X . .
5 . . . X O . . .
6 . . . . O . . .
7 . . . . O . . .
8 . . . . . . . .

[X] Computer chooses move (7, 6) => Score: 5
flipping disk at 6,5
X flipped 1 disks.
  1 2 3 4 5 6 7 8
1 . . . . . . . .
2 . . . . . . . .
3 . . . . O . X .
4 . . X X O X . .
5 . . . X O . . .
6 . . . . X . . .
7 . . . . O X . .
8 . . . . . . . .

[O] Computer chooses move (5, 3) => Score: 4
flipping disk at 5,4
flipping disk at 4,4
O flipped 2 disks.
  1 2 3 4 5 6 7 8
1 . . . . . . . .
2 . . . . . . . .
3 . . . . O . X .
4 . . X O O X . .
5 . . O O O . . .
6 . . . . X . . .
7 . . . . O X . .
8 . . . . . . . .

[X] Computer chooses move (8, 5) => Score: 3
flipping disk at 7,5
X flipped 1 disks.
  1 2 3 4 5 6 7 8
1 . . . . . . . .
2 . . . . . . . .
3 . . . . O . X .
4 . . X O O X . .
5 . . O O O . . .
6 . . . . X . . .
7 . . . . X X . .
8 . . . . X . . .

[O] Computer chooses move (2, 8) => Score: 2
flipping disk at 4,6
flipping disk at 3,7
O flipped 2 disks.
  1 2 3 4 5 6 7 8
1 . . . . . . . .
2 . . . . . . . O
3 . . . . O . O .
4 . . X O O O . .
5 . . O O O . . .
6 . . . . X . . .
7 . . . . X X . .
8 . . . . X . . .

[X] Computer chooses move (6, 3) => Score: 3
flipping disk at 5,3
X flipped 1 disks.
  1 2 3 4 5 6 7 8
1 . . . . . . . .
2 . . . . . . . O
3 . . . . O . O .
4 . . X O O O . .
5 . . X O O . . .
6 . . X . X . . .
7 . . . . X X . .
8 . . . . X . . .

[O] Computer chooses move (7, 2) => Score: 2
flipping disk at 6,3
O flipped 1 disks.
  1 2 3 4 5 6 7 8
1 . . . . . . . .
2 . . . . . . . O
3 . . . . O . O .
4 . . X O O O . .
5 . . X O O . . .
6 . . O . X . . .
7 . O . . X X . .
8 . . . . X . . .

[X] Computer chooses move (2, 5) => Score: 5
flipping disk at 5,5
flipping disk at 4,5
flipping disk at 3,5
X flipped 3 disks.
  1 2 3 4 5 6 7 8
1 . . . . . . . .
2 . . . . X . . O
3 . . . . X . O .
4 . . X O X O . .
5 . . X O X . . .
6 . . O . X . . .
7 . O . . X X . .
8 . . . . X . . .

[O] Computer chooses move (8, 7) => Score: 4
flipping disk at 6,5
flipping disk at 7,6
O flipped 2 disks.
  1 2 3 4 5 6 7 8
1 . . . . . . . .
2 . . . . X . . O
3 . . . . X . O .
4 . . X O X O . .
5 . . X O X . . .
6 . . O . O . . .
7 . O . . X O . .
8 . . . . X . O .

[X] Computer chooses move (8, 1) => Score: 3
flipping disk at 5,4
flipping disk at 6,3
flipping disk at 7,2
X flipped 3 disks.
  1 2 3 4 5 6 7 8
1 . . . . . . . .
2 . . . . X . . O
3 . . . . X . O .
4 . . X O X O . .
5 . . X X X . . .
6 . . X . O . . .
7 . X . . X O . .
8 X . . . X . O .

[O] Computer chooses move (7, 4) => Score: 4
flipping disk at 7,5
O flipped 1 disks.
  1 2 3 4 5 6 7 8
1 . . . . . . . .
2 . . . . X . . O
3 . . . . X . O .
4 . . X O X O . .
5 . . X X X . . .
6 . . X . O . . .
7 . X . O O O . .
8 X . . . X . O .

[X] Computer chooses move (6, 7) => Score: 3
flipping disk at 7,6
X flipped 1 disks.
  1 2 3 4 5 6 7 8
1 . . . . . . . .
2 . . . . X . . O
3 . . . . X . O .
4 . . X O X O . .
5 . . X X X . . .
6 . . X . O . X .
7 . X . O O X . .
8 X . . . X . O .

[O] Computer chooses move (7, 7) => Score: 4
flipping disk at 7,6
O flipped 1 disks.
  1 2 3 4 5 6 7 8
1 . . . . . . . .
2 . . . . X . . O
3 . . . . X . O .
4 . . X O X O . .
5 . . X X X . . .
6 . . X . O . X .
7 . X . O O O O .
8 X . . . X . O .

[X] Computer chooses move (5, 7) => Score: 1
flipping disk at 4,6
X flipped 1 disks.
  1 2 3 4 5 6 7 8
1 . . . . . . . .
2 . . . . X . . O
3 . . . . X . O .
4 . . X O X X . .
5 . . X X X . X .
6 . . X . O . X .
7 . X . O O O O .
8 X . . . X . O .

[O] Computer chooses move (1, 5) => Score: 6
flipping disk at 5,5
flipping disk at 4,5
flipping disk at 3,5
flipping disk at 2,5
O flipped 4 disks.
  1 2 3 4 5 6 7 8
1 . . . . O . . .
2 . . . . O . . O
3 . . . . O . O .
4 . . X O O X . .
5 . . X X O . X .
6 . . X . O . X .
7 . X . O O O O .
8 X . . . X . O .

[X] Computer chooses move (6, 4) => Score: 1
flipping disk at 5,5
X flipped 1 disks.
  1 2 3 4 5 6 7 8
1 . . . . O . . .
2 . . . . O . . O
3 . . . . O . O .
4 . . X O O X . .
5 . . X X X . X .
6 . . X X O . X .
7 . X . O O O O .
8 X . . . X . O .

[O] Computer chooses move (5, 8) => Score: 8
flipping disk at 6,7
O flipped 1 disks.
  1 2 3 4 5 6 7 8
1 . . . . O . . .
2 . . . . O . . O
3 . . . . O . O .
4 . . X O O X . .
5 . . X X X . X O
6 . . X X O . O .
7 . X . O O O O .
8 X . . . X . O .

[X] Computer chooses move (8, 6) => Score: -1
flipping disk at 7,5
X flipped 1 disks.
  1 2 3 4 5 6 7 8
1 . . . . O . . .
2 . . . . O . . O
3 . . . . O . O .
4 . . X O O X . .
5 . . X X X . X O
6 . . X X O . O .
7 . X . O X O O .
8 X . . . X X O .

[O] Computer chooses move (8, 4) => Score: 10
flipping disk at 8,6
flipping disk at 8,5
O flipped 2 disks.
  1 2 3 4 5 6 7 8
1 . . . . O . . .
2 . . . . O . . O
3 . . . . O . O .
4 . . X O O X . .
5 . . X X X . X O
6 . . X X O . O .
7 . X . O X O O .
8 X . . O O O O .

[X] Computer chooses move (7, 8) => Score: -1
flipping disk at 7,6
flipping disk at 7,7
X flipped 2 disks.
  1 2 3 4 5 6 7 8
1 . . . . O . . .
2 . . . . O . . O
3 . . . . O . O .
4 . . X O O X . .
5 . . X X X . X O
6 . . X X O . O .
7 . X . O X X X X
8 X . . O O O O .

[O] Computer chooses move (7, 3) => Score: 10
flipping disk at 4,6
flipping disk at 5,5
flipping disk at 6,4
O flipped 3 disks.
  1 2 3 4 5 6 7 8
1 . . . . O . . .
2 . . . . O . . O
3 . . . . O . O .
4 . . X O O O . .
5 . . X X O . X O
6 . . X O O . O .
7 . X O O X X X X
8 X . . O O O O .

[X] Computer chooses move (4, 7) => Score: -1
flipping disk at 4,4
flipping disk at 4,5
flipping disk at 4,6
X flipped 3 disks.
  1 2 3 4 5 6 7 8
1 . . . . O . . .
2 . . . . O . . O
3 . . . . O . O .
4 . . X X X X X .
5 . . X X O . X O
6 . . X O O . O .
7 . X O O X X X X
8 X . . O O O O .

[O] Computer chooses move (6, 8) => Score: 12
flipping disk at 4,6
flipping disk at 5,7
flipping disk at 7,7
O flipped 3 disks.
  1 2 3 4 5 6 7 8
1 . . . . O . . .
2 . . . . O . . O
3 . . . . O . O .
4 . . X X X O X .
5 . . X X O . O O
6 . . X O O . O O
7 . X O O X X O X
8 X . . O O O O .

[X] Computer chooses move (5, 6) => Score: -3
flipping disk at 5,5
flipping disk at 6,7
X flipped 2 disks.
  1 2 3 4 5 6 7 8
1 . . . . O . . .
2 . . . . O . . O
3 . . . . O . O .
4 . . X X X O X .
5 . . X X X X O O
6 . . X O O . X O
7 . X O O X X O X
8 X . . O O O O .

[O] Computer chooses move (6, 6) => Score: 16
flipping disk at 6,7
flipping disk at 5,6
flipping disk at 7,6
flipping disk at 7,5
O flipped 4 disks.
  1 2 3 4 5 6 7 8
1 . . . . O . . .
2 . . . . O . . O
3 . . . . O . O .
4 . . X X X O X .
5 . . X X X O O O
6 . . X O O O O O
7 . X O O O O O X
8 X . . O O O O .

[X] Computer chooses move (8, 8) => Score: 1
flipping disk at 6,6
flipping disk at 7,7
X flipped 2 disks.
  1 2 3 4 5 6 7 8
1 . . . . O . . .
2 . . . . O . . O
3 . . . . O . O .
4 . . X X X O X .
5 . . X X X O O O
6 . . X O O X O O
7 . X O O O O X X
8 X . . O O O O X

[O] Computer chooses move (4, 8) => Score: 8
flipping disk at 4,7
O flipped 1 disks.
  1 2 3 4 5 6 7 8
1 . . . . O . . .
2 . . . . O . . O
3 . . . . O . O .
4 . . X X X O O O
5 . . X X X O O O
6 . . X O O X O O
7 . X O O O O X X
8 X . . O O O O X

[X] Computer chooses move (8, 3) => Score: 7
flipping disk at 8,7
flipping disk at 8,6
flipping disk at 8,5
flipping disk at 8,4
flipping disk at 7,3
X flipped 5 disks.
  1 2 3 4 5 6 7 8
1 . . . . O . . .
2 . . . . O . . O
3 . . . . O . O .
4 . . X X X O O O
5 . . X X X O O O
6 . . X O O X O O
7 . X X O O O X X
8 X . X X X X X X

[O] Computer chooses move (5, 2) => Score: 2
flipping disk at 5,5
flipping disk at 5,4
flipping disk at 5,3
flipping disk at 6,3
O flipped 4 disks.
  1 2 3 4 5 6 7 8
1 . . . . O . . .
2 . . . . O . . O
3 . . . . O . O .
4 . . X X X O O O
5 . O O O O O O O
6 . . O O O X O O
7 . X X O O O X X
8 X . X X X X X X

[X] Computer chooses move (3, 8) => Score: 9
flipping disk at 6,8
flipping disk at 5,8
flipping disk at 4,8
flipping disk at 7,4
flipping disk at 6,5
flipping disk at 5,6
flipping disk at 4,7
X flipped 7 disks.
  1 2 3 4 5 6 7 8
1 . . . . O . . .
2 . . . . O . . O
3 . . . . O . O X
4 . . X X X O X X
5 . O O O O X O X
6 . . O O X X O X
7 . X X X O O X X
8 X . X X X X X X

[O] Computer chooses move (7, 1) => Score: 0
flipping disk at 7,4
flipping disk at 7,3
flipping disk at 7,2
O flipped 3 disks.
  1 2 3 4 5 6 7 8
1 . . . . O . . .
2 . . . . O . . O
3 . . . . O . O X
4 . . X X X O X X
5 . O O O O X O X
6 . . O O X X O X
7 O O O O O O X X
8 X . X X X X X X

[X] Computer chooses move (6, 1) => Score: 13
flipping disk at 7,1
flipping disk at 5,2
flipping disk at 7,2
X flipped 3 disks.
  1 2 3 4 5 6 7 8
1 . . . . O . . .
2 . . . . O . . O
3 . . . . O . O X
4 . . X X X O X X
5 . X O O O X O X
6 X . O O X X O X
7 X X O O O O X X
8 X . X X X X X X

[O] Computer chooses move (4, 1) => Score: -4
flipping disk at 5,2
O flipped 1 disks.
  1 2 3 4 5 6 7 8
1 . . . . O . . .
2 . . . . O . . O
3 . . . . O . O X
4 O . X X X O X X
5 . O O O O X O X
6 X . O O X X O X
7 X X O O O O X X
8 X . X X X X X X

[X] Computer chooses move (5, 1) => Score: 17
flipping disk at 5,5
flipping disk at 5,4
flipping disk at 5,3
flipping disk at 5,2
X flipped 4 disks.
  1 2 3 4 5 6 7 8
1 . . . . O . . .
2 . . . . O . . O
3 . . . . O . O X
4 O . X X X O X X
5 X X X X X X O X
6 X . O O X X O X
7 X X O O O O X X
8 X . X X X X X X

[O] Computer chooses move (3, 2) => Score: -8
flipping disk at 6,5
flipping disk at 5,4
flipping disk at 4,3
O flipped 3 disks.
  1 2 3 4 5 6 7 8
1 . . . . O . . .
2 . . . . O . . O
3 . O . . O . O X
4 O . O X X O X X
5 X X X O X X O X
6 X . O O O X O X
7 X X O O O O X X
8 X . X X X X X X

[X] Computer chooses move (2, 1) => Score: 21
flipping disk at 7,6
flipping disk at 6,5
flipping disk at 5,4
flipping disk at 4,3
flipping disk at 3,2
X flipped 5 disks.
  1 2 3 4 5 6 7 8
1 . . . . O . . .
2 X . . . O . . O
3 . X . . O . O X
4 O . X X X O X X
5 X X X X X X O X
6 X . O O X X O X
7 X X O O O X X X
8 X . X X X X X X

[O] Computer chooses move (2, 3) => Score: -12
flipping disk at 3,2
O flipped 1 disks.
  1 2 3 4 5 6 7 8
1 . . . . O . . .
2 X . O . O . . O
3 . O . . O . O X
4 O . X X X O X X
5 X X X X X X O X
6 X . O O X X O X
7 X X O O O X X X
8 X . X X X X X X

[X] Computer chooses move (3, 1) => Score: 23
flipping disk at 4,1
X flipped 1 disks.
  1 2 3 4 5 6 7 8
1 . . . . O . . .
2 X . O . O . . O
3 X O . . O . O X
4 X . X X X O X X
5 X X X X X X O X
6 X . O O X X O X
7 X X O O O X X X
8 X . X X X X X X

[O] Computer chooses move (6, 2) => Score: -14
flipping disk at 4,4
flipping disk at 5,3
O flipped 2 disks.
  1 2 3 4 5 6 7 8
1 . . . . O . . .
2 X . O . O . . O
3 X O . . O . O X
4 X . X O X O X X
5 X X O X X X O X
6 X O O O X X O X
7 X X O O O X X X
8 X . X X X X X X

[X] Computer chooses move (2, 6) => Score: 27
flipping disk at 3,7
flipping disk at 6,2
flipping disk at 5,3
flipping disk at 4,4
flipping disk at 3,5
X flipped 5 disks.
  1 2 3 4 5 6 7 8
1 . . . . O . . .
2 X . O . O X . O
3 X O . . X . X X
4 X . X X X O X X
5 X X X X X X O X
6 X X O O X X O X
7 X X O O O X X X
8 X . X X X X X X

[O] Computer chooses move (3, 4) => Score: -18
flipping disk at 5,4
flipping disk at 4,4
flipping disk at 5,6
flipping disk at 4,5
O flipped 4 disks.
  1 2 3 4 5 6 7 8
1 . . . . O . . .
2 X . O . O X . O
3 X O . O X . X X
4 X . X O O O X X
5 X X X O X O O X
6 X X O O X X O X
7 X X O O O X X X
8 X . X X X X X X

[X] Computer chooses move (3, 6) => Score: 29
flipping disk at 5,6
flipping disk at 4,6
flipping disk at 6,3
flipping disk at 5,4
flipping disk at 4,5
X flipped 5 disks.
  1 2 3 4 5 6 7 8
1 . . . . O . . .
2 X . O . O X . O
3 X O . O X X X X
4 X . X O X X X X
5 X X X X X X O X
6 X X X O X X O X
7 X X O O O X X X
8 X . X X X X X X

[O] Computer chooses move (1, 7) => Score: -20
flipping disk at 3,5
flipping disk at 2,6
O flipped 2 disks.
  1 2 3 4 5 6 7 8
1 . . . . O . O .
2 X . O . O O . O
3 X O . O O X X X
4 X . X O X X X X
5 X X X X X X O X
6 X X X O X X O X
7 X X O O O X X X
8 X . X X X X X X

[X] Computer chooses move (3, 3) => Score: 31
flipping disk at 3,5
flipping disk at 3,4
flipping disk at 3,2
flipping disk at 4,4
X flipped 4 disks.
  1 2 3 4 5 6 7 8
1 . . . . O . O .
2 X . O . O O . O
3 X X X X X X X X
4 X . X X X X X X
5 X X X X X X O X
6 X X X O X X O X
7 X X O O O X X X
8 X . X X X X X X

[O] Computer chooses move (4, 2) => Score: -18
flipping disk at 5,3
O flipped 1 disks.
  1 2 3 4 5 6 7 8
1 . . . . O . O .
2 X . O . O O . O
3 X X X X X X X X
4 X O X X X X X X
5 X X O X X X O X
6 X X X O X X O X
7 X X O O O X X X
8 X . X X X X X X

[X] Computer chooses move (8, 2) => Score: 33
flipping disk at 6,4
flipping disk at 7,3
X flipped 2 disks.
  1 2 3 4 5 6 7 8
1 . . . . O . O .
2 X . O . O O . O
3 X X X X X X X X
4 X O X X X X X X
5 X X O X X X O X
6 X X X X X X O X
7 X X X O O X X X
8 X X X X X X X X

[O] Computer chooses move (2, 7) => Score: -16
flipping disk at 4,7
flipping disk at 3,7
O flipped 2 disks.
  1 2 3 4 5 6 7 8
1 . . . . O . O .
2 X . O . O O O O
3 X X X X X X O X
4 X O X X X X O X
5 X X O X X X O X
6 X X X X X X O X
7 X X X O O X X X
8 X X X X X X X X

[X] Computer chooses move (1, 8) => Score: 33
flipping disk at 2,8
flipping disk at 2,7
X flipped 2 disks.
  1 2 3 4 5 6 7 8
1 . . . . O . O X
2 X . O . O O X X
3 X X X X X X O X
4 X O X X X X O X
5 X X O X X X O X
6 X X X X X X O X
7 X X X O O X X X
8 X X X X X X X X

[O] Computer chooses move (2, 4) => Score: -24
flipping disk at 6,4
flipping disk at 5,4
flipping disk at 4,4
flipping disk at 3,4
flipping disk at 4,6
flipping disk at 3,5
flipping disk at 3,3
O flipped 7 disks.
  1 2 3 4 5 6 7 8
1 . . . . O . O X
2 X . O O O O X X
3 X X O O O X O X
4 X O X O X O O X
5 X X O O X X O X
6 X X X O X X O X
7 X X X O O X X X
8 X X X X X X X X

[X] Computer chooses move (1, 6) => Score: 37
flipping disk at 1,7
flipping disk at 2,6
flipping disk at 3,4
flipping disk at 2,5
X flipped 4 disks.
  1 2 3 4 5 6 7 8
1 . . . . O X X X
2 X . O O X X X X
3 X X O X O X O X
4 X O X O X O O X
5 X X O O X X O X
6 X X X O X X O X
7 X X X O O X X X
8 X X X X X X X X

[O] Computer chooses move (2, 2) => Score: -26
flipping disk at 3,2
O flipped 1 disks.
  1 2 3 4 5 6 7 8
1 . . . . O X X X
2 X O O O X X X X
3 X O O X O X O X
4 X O X O X O O X
5 X X O O X X O X
6 X X X O X X O X
7 X X X O O X X X
8 X X X X X X X X

[X] Computer chooses move (1, 1) => Score: 39
flipping disk at 4,4
flipping disk at 3,3
flipping disk at 2,2
X flipped 3 disks.
  1 2 3 4 5 6 7 8
1 X . . . O X X X
2 X X O O X X X X
3 X O X X O X O X
4 X O X X X O O X
5 X X O O X X O X
6 X X X O X X O X
7 X X X O O X X X
8 X X X X X X X X

[O] Computer chooses move (1, 4) => Score: -28
flipping disk at 3,6
flipping disk at 2,5
O flipped 2 disks.
  1 2 3 4 5 6 7 8
1 X . . O O X X X
2 X X O O O X X X
3 X O X X O O O X
4 X O X X X O O X
5 X X O O X X O X
6 X X X O X X O X
7 X X X O O X X X
8 X X X X X X X X

[X] Computer chooses move (1, 3) => Score: 28
flipping disk at 1,5
flipping disk at 1,4
flipping disk at 2,3
flipping disk at 5,7
flipping disk at 4,6
flipping disk at 3,5
flipping disk at 2,4
X flipped 7 disks.
  1 2 3 4 5 6 7 8
1 X . X X X X X X
2 X X X X O X X X
3 X O X X X O O X
4 X O X X X X O X
5 X X O O X X X X
6 X X X O X X O X
7 X X X O O X X X
8 X X X X X X X X

[O] Computer chooses move (1, 2) => Score: -28
flipping disk at 2,2
flipping disk at 5,6
flipping disk at 4,5
flipping disk at 3,4
flipping disk at 2,3
O flipped 5 disks.
  1 2 3 4 5 6 7 8
1 X O X X X X X X
2 X O O X O X X X
3 X O X O X O O X
4 X O X X O X O X
5 X X O O X O X X
6 X X X O X X O X
7 X X X O O X X X
8 X X X X X X X X
Game over.
X has 46 disks. O has 18 disks. X wins.

Whole Program Statistics
1) Parallelism Profile
   Work :					 87,165,206 instructions
   Span :					 23,060,133 instructions
   Burdened span :				 27,200,095 instructions
   Parallelism :				 3.78
   Burdened parallelism :			 3.20
   Number of spawns/syncs:			 391
   Average instructions / strand :		 74,246
   Strands along span :				 433
   Average instructions / strand on span :	 53,256
   Total number of atomic instructions : 	 571
   Frame count :				 782

2) Speedup Estimate
     2 processors:	 1.31 - 2.00
     4 processors:	 1.54 - 3.78
     8 processors:	 1.70 - 3.78
    16 processors:	 1.79 - 3.78
    32 processors:	 1.83 - 3.78
    64 processors:	 1.86 - 3.78
   128 processors:	 1.87 - 3.78
   256 processors:	 1.88 - 3.78

Cilk Parallel Region(s) Statistics - Elapsed time: 0.036 seconds
1) Parallelism Profile
   Work :					 77,186,240 instructions
   Span :					 13,081,167 instructions
   Burdened span :				 17,221,129 instructions
   Parallelism :				 5.90
   Burdened parallelism :			 4.48
   Number of spawns/syncs:			 391
   Average instructions / strand :		 65,746
   Strands along span :				 216
   Average instructions / strand on span :	 60,560
   Total number of atomic instructions : 	 571
   Frame count :				 782
   Entries to parallel region :			 60

2) Speedup Estimate
     2 processors:	 1.45 - 2.00
     4 processors:	 1.87 - 4.00
     8 processors:	 2.19 - 5.90
    16 processors:	 2.39 - 5.90
    32 processors:	 2.51 - 5.90
    64 processors:	 2.57 - 5.90
   128 processors:	 2.60 - 5.90
   256 processors:	 2.62 - 5.90
