
Cilkview: Generating scalability data
Cilkview Scalability Analyzer V2.0.0, Build 4501
  1 2 3 4 5 6 7 8
1 . . . . . . . .
2 . . . . . . . .
3 . . . . . . . .
4 . . . O X . . .
5 . . . X O . . .
6 . . . . . . . .
7 . . . . . . . .
8 . . . . . . . .
Is Player 1 (X) [h]uman or [c]omputer? Enter search depth for X (1..60): Is Player 2 (O) [h]uman or [c]omputer? Enter search depth for O (1..60): 
[X] Computer chooses move (6, 5) => Score: 3
flipping disk at 5,5
X flipped 1 disks.
  1 2 3 4 5 6 7 8
1 . . . . . . . .
2 . . . . . . . .
3 . . . . . . . .
4 . . . O X . . .
5 . . . X X . . .
6 . . . . X . . .
7 . . . . . . . .
8 . . . . . . . .

[O] Computer chooses move (4, 6) => Score: 2
flipping disk at 4,5
O flipped 1 disks.
  1 2 3 4 5 6 7 8
1 . . . . . . . .
2 . . . . . . . .
3 . . . . . . . .
4 . . . O O O . .
5 . . . X X . . .
6 . . . . X . . .
7 . . . . . . . .
8 . . . . . . . .

[X] Computer chooses move (3, 4) => Score: 5
flipping disk at 4,4
X flipped 1 disks.
  1 2 3 4 5 6 7 8
1 . . . . . . . .
2 . . . . . . . .
3 . . . X . . . .
4 . . . X O O . .
5 . . . X X . . .
6 . . . . X . . .
7 . . . . . . . .
8 . . . . . . . .

[O] Computer chooses move (7, 5) => Score: 2
flipping disk at 5,5
flipping disk at 6,5
O flipped 2 disks.
  1 2 3 4 5 6 7 8
1 . . . . . . . .
2 . . . . . . . .
3 . . . X . . . .
4 . . . X O O . .
5 . . . X O . . .
6 . . . . O . . .
7 . . . . O . . .
8 . . . . . . . .

[X] Computer chooses move (4, 7) => Score: 5
flipping disk at 4,5
flipping disk at 4,6
X flipped 2 disks.
  1 2 3 4 5 6 7 8
1 . . . . . . . .
2 . . . . . . . .
3 . . . X . . . .
4 . . . X X X X .
5 . . . X O . . .
6 . . . . O . . .
7 . . . . O . . .
8 . . . . . . . .

[O] Computer chooses move (4, 3) => Score: 2
flipping disk at 5,4
O flipped 1 disks.
  1 2 3 4 5 6 7 8
1 . . . . . . . .
2 . . . . . . . .
3 . . . X . . . .
4 . . O X X X X .
5 . . . O O . . .
6 . . . . O . . .
7 . . . . O . . .
8 . . . . . . . .

[X] Computer chooses move (8, 5) => Score: 5
flipping disk at 5,5
flipping disk at 6,5
flipping disk at 7,5
X flipped 3 disks.
  1 2 3 4 5 6 7 8
1 . . . . . . . .
2 . . . . . . . .
3 . . . X . . . .
4 . . O X X X X .
5 . . . O X . . .
6 . . . . X . . .
7 . . . . X . . .
8 . . . . X . . .

[O] Computer chooses move (4, 8) => Score: 0
flipping disk at 4,4
flipping disk at 4,5
flipping disk at 4,6
flipping disk at 4,7
O flipped 4 disks.
  1 2 3 4 5 6 7 8
1 . . . . . . . .
2 . . . . . . . .
3 . . . X . . . .
4 . . O O O O O O
5 . . . O X . . .
6 . . . . X . . .
7 . . . . X . . .
8 . . . . X . . .

[X] Computer chooses move (5, 6) => Score: 3
flipping disk at 4,5
X flipped 1 disks.
  1 2 3 4 5 6 7 8
1 . . . . . . . .
2 . . . . . . . .
3 . . . X . . . .
4 . . O O X O O O
5 . . . O X X . .
6 . . . . X . . .
7 . . . . X . . .
8 . . . . X . . .

[O] Computer chooses move (7, 4) => Score: 4
flipping disk at 5,6
flipping disk at 6,5
O flipped 2 disks.
  1 2 3 4 5 6 7 8
1 . . . . . . . .
2 . . . . . . . .
3 . . . X . . . .
4 . . O O X O O O
5 . . . O X O . .
6 . . . . O . . .
7 . . . O X . . .
8 . . . . X . . .

[X] Computer chooses move (6, 3) => Score: 3
flipping disk at 5,4
flipping disk at 7,4
X flipped 2 disks.
  1 2 3 4 5 6 7 8
1 . . . . . . . .
2 . . . . . . . .
3 . . . X . . . .
4 . . O O X O O O
5 . . . X X O . .
6 . . X . O . . .
7 . . . X X . . .
8 . . . . X . . .

[O] Computer chooses move (8, 3) => Score: 4
flipping disk at 7,4
O flipped 1 disks.
  1 2 3 4 5 6 7 8
1 . . . . . . . .
2 . . . . . . . .
3 . . . X . . . .
4 . . O O X O O O
5 . . . X X O . .
6 . . X . O . . .
7 . . . O X . . .
8 . . O . X . . .

[X] Computer chooses move (7, 3) => Score: 3
flipping disk at 7,4
X flipped 1 disks.
  1 2 3 4 5 6 7 8
1 . . . . . . . .
2 . . . . . . . .
3 . . . X . . . .
4 . . O O X O O O
5 . . . X X O . .
6 . . X . O . . .
7 . . X X X . . .
8 . . O . X . . .

[O] Computer chooses move (2, 5) => Score: 4
flipping disk at 3,4
O flipped 1 disks.
  1 2 3 4 5 6 7 8
1 . . . . . . . .
2 . . . . O . . .
3 . . . O . . . .
4 . . O O X O O O
5 . . . X X O . .
6 . . X . O . . .
7 . . X X X . . .
8 . . O . X . . .

[X] Computer chooses move (3, 8) => Score: 5
flipping disk at 6,5
flipping disk at 5,6
flipping disk at 4,7
X flipped 3 disks.
  1 2 3 4 5 6 7 8
1 . . . . . . . .
2 . . . . O . . .
3 . . . O . . . X
4 . . O O X O X O
5 . . . X X X . .
6 . . X . X . . .
7 . . X X X . . .
8 . . O . X . . .

[O] Computer chooses move (7, 6) => Score: 4
flipping disk at 5,4
flipping disk at 6,5
O flipped 2 disks.
  1 2 3 4 5 6 7 8
1 . . . . . . . .
2 . . . . O . . .
3 . . . O . . . X
4 . . O O X O X O
5 . . . O X X . .
6 . . X . O . . .
7 . . X X X O . .
8 . . O . X . . .

[X] Computer chooses move (7, 7) => Score: 5
flipping disk at 7,6
X flipped 1 disks.
  1 2 3 4 5 6 7 8
1 . . . . . . . .
2 . . . . O . . .
3 . . . O . . . X
4 . . O O X O X O
5 . . . O X X . .
6 . . X . O . . .
7 . . X X X X X .
8 . . O . X . . .

[O] Computer chooses move (8, 7) => Score: 4
flipping disk at 7,6
O flipped 1 disks.
  1 2 3 4 5 6 7 8
1 . . . . . . . .
2 . . . . O . . .
3 . . . O . . . X
4 . . O O X O X O
5 . . . O X X . .
6 . . X . O . . .
7 . . X X X O X .
8 . . O . X . O .

[X] Computer chooses move (5, 8) => Score: 3
flipping disk at 4,8
X flipped 1 disks.
  1 2 3 4 5 6 7 8
1 . . . . . . . .
2 . . . . O . . .
3 . . . O . . . X
4 . . O O X O X X
5 . . . O X X . X
6 . . X . O . . .
7 . . X X X O X .
8 . . O . X . O .

[O] Computer chooses move (7, 8) => Score: 4
flipping disk at 7,7
O flipped 1 disks.
  1 2 3 4 5 6 7 8
1 . . . . . . . .
2 . . . . O . . .
3 . . . O . . . X
4 . . O O X O X X
5 . . . O X X . X
6 . . X . O . . .
7 . . X X X O O O
8 . . O . X . O .

[X] Computer chooses move (3, 7) => Score: 3
flipping disk at 4,6
X flipped 1 disks.
  1 2 3 4 5 6 7 8
1 . . . . . . . .
2 . . . . O . . .
3 . . . O . . X X
4 . . O O X X X X
5 . . . O X X . X
6 . . X . O . . .
7 . . X X X O O O
8 . . O . X . O .

[O] Computer chooses move (7, 2) => Score: 4
flipping disk at 7,5
flipping disk at 7,4
flipping disk at 7,3
flipping disk at 6,3
O flipped 4 disks.
  1 2 3 4 5 6 7 8
1 . . . . . . . .
2 . . . . O . . .
3 . . . O . . X X
4 . . O O X X X X
5 . . . O X X . X
6 . . O . O . . .
7 . O O O O O O O
8 . . O . X . O .

[X] Computer chooses move (6, 7) => Score: 5
flipping disk at 7,6
X flipped 1 disks.
  1 2 3 4 5 6 7 8
1 . . . . . . . .
2 . . . . O . . .
3 . . . O . . X X
4 . . O O X X X X
5 . . . O X X . X
6 . . O . O . X .
7 . O O O O X O O
8 . . O . X . O .

[O] Computer chooses move (6, 6) => Score: 4
flipping disk at 5,5
O flipped 1 disks.
  1 2 3 4 5 6 7 8
1 . . . . . . . .
2 . . . . O . . .
3 . . . O . . X X
4 . . O O X X X X
5 . . . O O X . X
6 . . O . O O X .
7 . O O O O X O O
8 . . O . X . O .

[X] Computer chooses move (7, 1) => Score: 5
flipping disk at 7,5
flipping disk at 7,4
flipping disk at 7,3
flipping disk at 7,2
X flipped 4 disks.
  1 2 3 4 5 6 7 8
1 . . . . . . . .
2 . . . . O . . .
3 . . . O . . X X
4 . . O O X X X X
5 . . . O O X . X
6 . . O . O O X .
7 X X X X X X O O
8 . . O . X . O .

[O] Computer chooses move (5, 7) => Score: 2
flipping disk at 5,6
flipping disk at 6,7
O flipped 2 disks.
  1 2 3 4 5 6 7 8
1 . . . . . . . .
2 . . . . O . . .
3 . . . O . . X X
4 . . O O X X X X
5 . . . O O O O X
6 . . O . O O O .
7 X X X X X X O O
8 . . O . X . O .

[X] Computer chooses move (5, 3) => Score: 11
flipping disk at 5,7
flipping disk at 5,6
flipping disk at 5,5
flipping disk at 5,4
flipping disk at 6,3
X flipped 5 disks.
  1 2 3 4 5 6 7 8
1 . . . . . . . .
2 . . . . O . . .
3 . . . O . . X X
4 . . O O X X X X
5 . . X X X X X X
6 . . X . O O O .
7 X X X X X X O O
8 . . O . X . O .

[O] Computer chooses move (6, 1) => Score: -2
flipping disk at 7,2
O flipped 1 disks.
  1 2 3 4 5 6 7 8
1 . . . . . . . .
2 . . . . O . . .
3 . . . O . . X X
4 . . O O X X X X
5 . . X X X X X X
6 O . X . O O O .
7 X O X X X X O O
8 . . O . X . O .

[X] Computer chooses move (8, 8) => Score: 11
flipping disk at 6,6
flipping disk at 7,7
X flipped 2 disks.
  1 2 3 4 5 6 7 8
1 . . . . . . . .
2 . . . . O . . .
3 . . . O . . X X
4 . . O O X X X X
5 . . X X X X X X
6 O . X . O X O .
7 X O X X X X X O
8 . . O . X . O X

[O] Computer chooses move (8, 1) => Score: -6
flipping disk at 7,1
O flipped 1 disks.
  1 2 3 4 5 6 7 8
1 . . . . . . . .
2 . . . . O . . .
3 . . . O . . X X
4 . . O O X X X X
5 . . X X X X X X
6 O . X . O X O .
7 O O X X X X X O
8 O . O . X . O X

[X] Computer chooses move (8, 6) => Score: 15
flipping disk at 8,7
X flipped 1 disks.
  1 2 3 4 5 6 7 8
1 . . . . . . . .
2 . . . . O . . .
3 . . . O . . X X
4 . . O O X X X X
5 . . X X X X X X
6 O . X . O X O .
7 O O X X X X X O
8 O . O . X X X X

[O] Computer chooses move (2, 7) => Score: -6
flipping disk at 5,7
flipping disk at 4,7
flipping disk at 3,7
O flipped 3 disks.
  1 2 3 4 5 6 7 8
1 . . . . . . . .
2 . . . . O . O .
3 . . . O . . O X
4 . . O O X X O X
5 . . X X X X O X
6 O . X . O X O .
7 O O X X X X X O
8 O . O . X X X X

[X] Computer chooses move (6, 8) => Score: 15
flipping disk at 6,7
flipping disk at 7,8
flipping disk at 5,7
X flipped 3 disks.
  1 2 3 4 5 6 7 8
1 . . . . . . . .
2 . . . . O . O .
3 . . . O . . O X
4 . . O O X X O X
5 . . X X X X X X
6 O . X . O X X X
7 O O X X X X X X
8 O . O . X X X X

[O] Computer chooses move (6, 4) => Score: -8
flipping disk at 5,4
flipping disk at 4,6
flipping disk at 5,5
O flipped 3 disks.
  1 2 3 4 5 6 7 8
1 . . . . . . . .
2 . . . . O . O .
3 . . . O . . O X
4 . . O O X O O X
5 . . X O O X X X
6 O . X O O X X X
7 O O X X X X X X
8 O . O . X X X X

[X] Computer chooses move (2, 8) => Score: 19
flipping disk at 6,4
flipping disk at 5,5
flipping disk at 4,6
flipping disk at 3,7
X flipped 4 disks.
  1 2 3 4 5 6 7 8
1 . . . . . . . .
2 . . . . O . O X
3 . . . O . . X X
4 . . O O X X O X
5 . . X O X X X X
6 O . X X O X X X
7 O O X X X X X X
8 O . O . X X X X

[O] Computer chooses move (6, 2) => Score: -10
flipping disk at 6,4
flipping disk at 6,3
flipping disk at 5,3
O flipped 3 disks.
  1 2 3 4 5 6 7 8
1 . . . . . . . .
2 . . . . O . O X
3 . . . O . . X X
4 . . O O X X O X
5 . . O O X X X X
6 O O O O O X X X
7 O O X X X X X X
8 O . O . X X X X

[X] Computer chooses move (3, 6) => Score: 19
flipping disk at 4,7
X flipped 1 disks.
  1 2 3 4 5 6 7 8
1 . . . . . . . .
2 . . . . O . O X
3 . . . O . X X X
4 . . O O X X X X
5 . . O O X X X X
6 O O O O O X X X
7 O O X X X X X X
8 O . O . X X X X

[O] Computer chooses move (8, 2) => Score: -10
flipping disk at 7,3
O flipped 1 disks.
  1 2 3 4 5 6 7 8
1 . . . . . . . .
2 . . . . O . O X
3 . . . O . X X X
4 . . O O X X X X
5 . . O O X X X X
6 O O O O O X X X
7 O O O X X X X X
8 O O O . X X X X

[X] Computer chooses move (3, 2) => Score: 19
flipping disk at 6,5
flipping disk at 5,4
flipping disk at 4,3
X flipped 3 disks.
  1 2 3 4 5 6 7 8
1 . . . . . . . .
2 . . . . O . O X
3 . X . O . X X X
4 . . X O X X X X
5 . . O X X X X X
6 O O O O X X X X
7 O O O X X X X X
8 O O O . X X X X

[O] Computer chooses move (4, 2) => Score: -12
flipping disk at 4,3
O flipped 1 disks.
  1 2 3 4 5 6 7 8
1 . . . . . . . .
2 . . . . O . O X
3 . X . O . X X X
4 . O O O X X X X
5 . . O X X X X X
6 O O O O X X X X
7 O O O X X X X X
8 O O O . X X X X

[X] Computer chooses move (5, 2) => Score: 19
flipping disk at 5,3
flipping disk at 4,2
flipping disk at 6,3
X flipped 3 disks.
  1 2 3 4 5 6 7 8
1 . . . . . . . .
2 . . . . O . O X
3 . X . O . X X X
4 . X O O X X X X
5 . X X X X X X X
6 O O X O X X X X
7 O O O X X X X X
8 O O O . X X X X

[O] Computer chooses move (8, 4) => Score: -10
flipping disk at 7,4
O flipped 1 disks.
  1 2 3 4 5 6 7 8
1 . . . . . . . .
2 . . . . O . O X
3 . X . O . X X X
4 . X O O X X X X
5 . X X X X X X X
6 O O X O X X X X
7 O O O O X X X X
8 O O O O X X X X

[X] Computer chooses move (3, 5) => Score: 17
flipping disk at 4,4
X flipped 1 disks.
  1 2 3 4 5 6 7 8
1 . . . . . . . .
2 . . . . O . O X
3 . X . O X X X X
4 . X O X X X X X
5 . X X X X X X X
6 O O X O X X X X
7 O O O O X X X X
8 O O O O X X X X

[O] Computer chooses move (3, 1) => Score: -8
flipping disk at 5,3
flipping disk at 4,2
O flipped 2 disks.
  1 2 3 4 5 6 7 8
1 . . . . . . . .
2 . . . . O . O X
3 O X . O X X X X
4 . O O X X X X X
5 . X O X X X X X
6 O O X O X X X X
7 O O O O X X X X
8 O O O O X X X X

[X] Computer chooses move (2, 3) => Score: 17
flipping disk at 3,4
X flipped 1 disks.
  1 2 3 4 5 6 7 8
1 . . . . . . . .
2 . . X . O . O X
3 O X . X X X X X
4 . O O X X X X X
5 . X O X X X X X
6 O O X O X X X X
7 O O O O X X X X
8 O O O O X X X X

[O] Computer chooses move (4, 1) => Score: -8
flipping disk at 6,3
flipping disk at 5,2
O flipped 2 disks.
  1 2 3 4 5 6 7 8
1 . . . . . . . .
2 . . X . O . O X
3 O X . X X X X X
4 O O O X X X X X
5 . O O X X X X X
6 O O O O X X X X
7 O O O O X X X X
8 O O O O X X X X

[X] Computer chooses move (5, 1) => Score: 17
flipping disk at 5,3
flipping disk at 5,2
X flipped 2 disks.
  1 2 3 4 5 6 7 8
1 . . . . . . . .
2 . . X . O . O X
3 O X . X X X X X
4 O O O X X X X X
5 X X X X X X X X
6 O O O O X X X X
7 O O O O X X X X
8 O O O O X X X X

[O] Computer chooses move (2, 6) => Score: -8
flipping disk at 5,3
flipping disk at 4,4
flipping disk at 3,5
O flipped 3 disks.
  1 2 3 4 5 6 7 8
1 . . . . . . . .
2 . . X . O O O X
3 O X . X O X X X
4 O O O O X X X X
5 X X O X X X X X
6 O O O O X X X X
7 O O O O X X X X
8 O O O O X X X X

[X] Computer chooses move (1, 8) => Score: 17
flipping disk at 2,7
X flipped 1 disks.
  1 2 3 4 5 6 7 8
1 . . . . . . . X
2 . . X . O O X X
3 O X . X O X X X
4 O O O O X X X X
5 X X O X X X X X
6 O O O O X X X X
7 O O O O X X X X
8 O O O O X X X X

[O] Computer chooses move (1, 4) => Score: -10
flipping disk at 3,2
flipping disk at 2,3
O flipped 2 disks.
  1 2 3 4 5 6 7 8
1 . . . O . . . X
2 . . O . O O X X
3 O O . X O X X X
4 O O O O X X X X
5 X X O X X X X X
6 O O O O X X X X
7 O O O O X X X X
8 O O O O X X X X

[X] Computer chooses move (1, 2) => Score: 23
flipping disk at 2,3
X flipped 1 disks.
  1 2 3 4 5 6 7 8
1 . X . O . . . X
2 . . X . O O X X
3 O O . X O X X X
4 O O O O X X X X
5 X X O X X X X X
6 O O O O X X X X
7 O O O O X X X X
8 O O O O X X X X

[O] Computer chooses move (3, 3) => Score: -12
flipping disk at 3,4
O flipped 1 disks.
  1 2 3 4 5 6 7 8
1 . X . O . . . X
2 . . X . O O X X
3 O O O O O X X X
4 O O O O X X X X
5 X X O X X X X X
6 O O O O X X X X
7 O O O O X X X X
8 O O O O X X X X

[X] Computer chooses move (2, 4) => Score: 21
flipping disk at 2,6
flipping disk at 2,5
flipping disk at 4,4
flipping disk at 3,4
flipping disk at 3,5
flipping disk at 4,2
flipping disk at 3,3
X flipped 7 disks.
  1 2 3 4 5 6 7 8
1 . X . O . . . X
2 . . X X X X X X
3 O O X X X X X X
4 O X O X X X X X
5 X X O X X X X X
6 O O O O X X X X
7 O O O O X X X X
8 O O O O X X X X

[O] Computer chooses move (1, 6) => Score: -10
flipping disk at 3,4
flipping disk at 2,5
O flipped 2 disks.
  1 2 3 4 5 6 7 8
1 . X . O . O . X
2 . . X X O X X X
3 O O X O X X X X
4 O X O X X X X X
5 X X O X X X X X
6 O O O O X X X X
7 O O O O X X X X
8 O O O O X X X X

[X] Computer chooses move (2, 2) => Score: 19
flipping disk at 3,2
X flipped 1 disks.
  1 2 3 4 5 6 7 8
1 . X . O . O . X
2 . X X X O X X X
3 O X X O X X X X
4 O X O X X X X X
5 X X O X X X X X
6 O O O O X X X X
7 O O O O X X X X
8 O O O O X X X X

[O] Computer chooses move (1, 3) => Score: -12
flipping disk at 3,3
flipping disk at 2,3
flipping disk at 2,2
O flipped 3 disks.
  1 2 3 4 5 6 7 8
1 . X O O . O . X
2 . O O X O X X X
3 O X O O X X X X
4 O X O X X X X X
5 X X O X X X X X
6 O O O O X X X X
7 O O O O X X X X
8 O O O O X X X X

[X] Computer chooses move (1, 5) => Score: 12
flipping disk at 1,3
flipping disk at 1,4
flipping disk at 2,5
X flipped 3 disks.
  1 2 3 4 5 6 7 8
1 . X X X X O . X
2 . O O X X X X X
3 O X O O X X X X
4 O X O X X X X X
5 X X O X X X X X
6 O O O O X X X X
7 O O O O X X X X
8 O O O O X X X X

[O] Computer chooses move (1, 1) => Score: -12
flipping disk at 1,5
flipping disk at 1,4
flipping disk at 1,3
flipping disk at 1,2
O flipped 4 disks.
  1 2 3 4 5 6 7 8
1 O O O O O O . X
2 . O O X X X X X
3 O X O O X X X X
4 O X O X X X X X
5 X X O X X X X X
6 O O O O X X X X
7 O O O O X X X X
8 O O O O X X X X

[X] Computer chooses move (2, 1) => Score: 12
flipping disk at 2,3
flipping disk at 2,2
flipping disk at 4,1
flipping disk at 3,1
X flipped 4 disks.
  1 2 3 4 5 6 7 8
1 O O O O O O . X
2 X X X X X X X X
3 X X O O X X X X
4 X X O X X X X X
5 X X O X X X X X
6 O O O O X X X X
7 O O O O X X X X
8 O O O O X X X X

[O] Computer chooses move (1, 7) => Score: -12
flipping disk at 4,4
flipping disk at 3,5
flipping disk at 2,6
O flipped 3 disks.
  1 2 3 4 5 6 7 8
1 O O O O O O O X
2 X X X X X O X X
3 X X O O O X X X
4 X X O O X X X X
5 X X O X X X X X
6 O O O O X X X X
7 O O O O X X X X
8 O O O O X X X X
Game over.
X has 38 disks. O has 26 disks. X wins.

Whole Program Statistics
1) Parallelism Profile
   Work :					 5,144,450,940 instructions
   Span :					 978,215,986 instructions
   Burdened span :				 982,397,558 instructions
   Parallelism :				 5.26
   Burdened parallelism :			 5.24
   Number of spawns/syncs:			 393
   Average instructions / strand :		 4,359,704
   Strands along span :				 433
   Average instructions / strand on span :	 2,259,159
   Total number of atomic instructions : 	 573
   Frame count :				 786

2) Speedup Estimate
     2 processors:	 1.51 - 2.00
     4 processors:	 2.03 - 4.00
     8 processors:	 2.44 - 5.26
    16 processors:	 2.73 - 5.26
    32 processors:	 2.89 - 5.26
    64 processors:	 2.98 - 5.26
   128 processors:	 3.03 - 5.26
   256 processors:	 3.06 - 5.26

Cilk Parallel Region(s) Statistics - Elapsed time: 0.035 seconds
1) Parallelism Profile
   Work :					 5,134,517,090 instructions
   Span :					 968,282,136 instructions
   Burdened span :				 972,463,708 instructions
   Parallelism :				 5.30
   Burdened parallelism :			 5.28
   Number of spawns/syncs:			 393
   Average instructions / strand :		 4,351,285
   Strands along span :				 216
   Average instructions / strand on span :	 4,482,787
   Total number of atomic instructions : 	 573
   Frame count :				 786
   Entries to parallel region :			 60

2) Speedup Estimate
     2 processors:	 1.51 - 2.00
     4 processors:	 2.03 - 4.00
     8 processors:	 2.46 - 5.30
    16 processors:	 2.74 - 5.30
    32 processors:	 2.91 - 5.30
    64 processors:	 3.01 - 5.30
   128 processors:	 3.06 - 5.30
   256 processors:	 3.08 - 5.30
